<?xml version="1.0" encoding="UTF-8"?>
<testsuite name="fancycinema.AppTest" tests="1" skipped="0" failures="0" errors="0" timestamp="2021-10-18T10:41:56" hostname="Unknown.gateway" time="0.017">
  <properties/>
  <testcase name="appHasAGreeting()" classname="fancycinema.AppTest" time="0.017"/>
  <system-out><![CDATA[]]></system-out>
  <system-err><![CDATA[]]></system-err>
</testsuite>
